<?xml version="1.0" encoding="UTF-8"?>
<testng-results ignored="0" total="4" passed="4" failed="0" skipped="0">
  <reporter-output>
  </reporter-output>
  <suite started-at="2023-04-19T22:29:48 IST" name="Default suite" finished-at="2023-04-19T22:30:33 IST" duration-ms="44536">
    <groups>
    </groups>
    <test started-at="2023-04-19T22:29:48 IST" name="Default test" finished-at="2023-04-19T22:30:33 IST" duration-ms="44536">
      <class name="testsuit.Testsuit">
        <test-method is-config="true" signature="beforeClass()[pri:0, instance:testsuit.Testsuit@436c81a3]" started-at="2023-04-19T22:29:48 IST" name="beforeClass" finished-at="2023-04-19T22:30:22 IST" duration-ms="34129" status="PASS">
          <reporter-output>
          </reporter-output>
        </test-method> <!-- beforeClass -->
        <test-method signature="Testcase1()[pri:1, instance:testsuit.Testsuit@436c81a3]" started-at="2023-04-19T22:30:22 IST" name="Testcase1" finished-at="2023-04-19T22:30:24 IST" duration-ms="1034" status="PASS">
          <reporter-output>
          </reporter-output>
        </test-method> <!-- Testcase1 -->
        <test-method signature="Testcase2()[pri:2, instance:testsuit.Testsuit@436c81a3]" started-at="2023-04-19T22:30:24 IST" name="Testcase2" finished-at="2023-04-19T22:30:24 IST" duration-ms="625" status="PASS">
          <reporter-output>
          </reporter-output>
        </test-method> <!-- Testcase2 -->
        <test-method signature="Testcase3()[pri:3, instance:testsuit.Testsuit@436c81a3]" started-at="2023-04-19T22:30:24 IST" name="Testcase3" finished-at="2023-04-19T22:30:28 IST" duration-ms="3499" status="PASS">
          <reporter-output>
          </reporter-output>
        </test-method> <!-- Testcase3 -->
        <test-method signature="Testcase4()[pri:4, instance:testsuit.Testsuit@436c81a3]" started-at="2023-04-19T22:30:28 IST" name="Testcase4" finished-at="2023-04-19T22:30:28 IST" duration-ms="198" status="PASS">
          <reporter-output>
          </reporter-output>
        </test-method> <!-- Testcase4 -->
        <test-method is-config="true" signature="afterclass()[pri:0, instance:testsuit.Testsuit@436c81a3]" started-at="2023-04-19T22:30:28 IST" name="afterclass" finished-at="2023-04-19T22:30:33 IST" duration-ms="4852" status="PASS">
          <reporter-output>
          </reporter-output>
        </test-method> <!-- afterclass -->
      </class> <!-- testsuit.Testsuit -->
    </test> <!-- Default test -->
  </suite> <!-- Default suite -->
</testng-results>
