<?xml version="1.0" encoding="UTF-8"?>
<!-- Generated by org.testng.reporters.JUnitXMLReporter -->
<testsuite ignored="0" hostname="LTIN386508" failures="0" tests="4" name="Default test" time="44.536" errors="0" timestamp="2023-04-19T22:30:33 IST">
  <testcase classname="testsuit.Testsuit" name="Testcase1" time="1.034"/>
  <testcase classname="testsuit.Testsuit" name="Testcase2" time="0.625"/>
  <testcase classname="testsuit.Testsuit" name="Testcase3" time="3.499"/>
  <testcase classname="testsuit.Testsuit" name="Testcase4" time="0.198"/>
</testsuite> <!-- Default test -->
